<?xml version="1.0" encoding="UTF-8"?>
<!-- Generated by org.testng.reporters.JUnitXMLReporter -->
<testsuite ignored="0" hostname="DESKTOP-E9O47MM" failures="0" tests="2" name="Default test" time="16.008" errors="0" timestamp="2024-04-02T11:07:03 IST">
  <testcase classname="OmkarIngale.SeleniumFrameworkDesign.StandAloneProjectTest" name="eCommerceProject" time="5.131"/>
  <testcase classname="OmkarIngale.SeleniumFrameworkDesign.StandAloneProjectTest" name="verifyProductName" time="1.238"/>
</testsuite> <!-- Default test -->
