<?xml version="1.0" encoding="UTF-8"?>
<!-- Generated by org.testng.reporters.JUnitXMLReporter -->
<testsuite ignored="2" hostname="DESKTOP-E9O47MM" failures="0" tests="0" time="0.021" errors="0" timestamp="2024-02-11T23:07:09 IST">
  <testcase classname="OmkarIngale.SeleniumFrameworkDesign.ErrorValidationsTest" name="productErrorValidation" time="0.0">
    <ignored/>
  </testcase> <!-- productErrorValidation -->
  <testcase classname="OmkarIngale.SeleniumFrameworkDesign.ErrorValidationsTest" name="loginErrorValidation" time="0.0">
    <ignored/>
  </testcase> <!-- loginErrorValidation -->
</testsuite>
