<?xml version="1.0" encoding="UTF-8"?>
<!-- Generated by org.testng.reporters.JUnitXMLReporter -->
<testsuite ignored="0" hostname="DESKTOP-E9O47MM" failures="0" tests="2" name="json file used Test" time="17.838" errors="0" timestamp="2024-02-11T23:07:27 IST">
  <testcase classname="OmkarIngale.SeleniumFrameworkDesign.jsonDataFileUsedTest" name="eCommerceProject" time="4.18"/>
  <testcase classname="OmkarIngale.SeleniumFrameworkDesign.jsonDataFileUsedTest" name="eCommerceProject" time="4.689"/>
</testsuite> <!-- json file used Test -->
