<?xml version="1.0" encoding="UTF-8"?>
<!-- Generated by org.testng.reporters.JUnitXMLReporter -->
<testsuite ignored="0" hostname="DESKTOP-E9O47MM" failures="0" tests="2" name="Sunmit Order Test" time="23.377" errors="0" timestamp="2024-04-02T11:43:26 IST">
  <testcase classname="OmkarIngale.SeleniumFrameworkDesign.StandAloneProjectTest" name="eCommerceProject" time="7.492"/>
  <testcase classname="OmkarIngale.SeleniumFrameworkDesign.StandAloneProjectTest" name="verifyProductName" time="1.085"/>
</testsuite> <!-- Sunmit Order Test -->
